<?xml version="1.0" encoding="UTF-8"?>
<!-- Generated by org.testng.reporters.JUnitReportReporter -->
<testsuite hostname="DESKTOP-RUVD9SS" failures="0" tests="1" name="test.addCustomerTest" time="10.594" errors="0" timestamp="2021-12-04T13:48:53 CST" skipped="0">
  <testcase classname="test.addCustomerTest" name="validUserShouldBeAbleToAddCustomer" time="10.594"/>
  <system-out/>
</testsuite> <!-- test.addCustomerTest -->
